<?xml version="1.0" encoding="UTF-8"?>
<testsuite name="heptalion.TestPlayer" tests="2" skipped="0" failures="0" errors="0" timestamp="2018-10-31T19:39:45" hostname="SFPD092351" time="0.002">
  <properties/>
  <testcase name="SingleLetterName" classname="heptalion.TestPlayer" time="0.001"/>
  <testcase name="okLengthName" classname="heptalion.TestPlayer" time="0.001"/>
  <system-out><![CDATA[]]></system-out>
  <system-err><![CDATA[]]></system-err>
</testsuite>
