<?xml version="1.0" encoding="UTF-8"?>
<testsuite name="heptalion.TestBoard" tests="3" skipped="0" failures="0" errors="0" timestamp="2018-10-31T19:39:45" hostname="SFPD092351" time="0.006">
  <properties/>
  <testcase name="doesNotMatch" classname="heptalion.TestBoard" time="0.005"/>
  <testcase name="canPlace" classname="heptalion.TestBoard" time="0.0"/>
  <testcase name="outOfBounds" classname="heptalion.TestBoard" time="0.0"/>
  <system-out><![CDATA[]]></system-out>
  <system-err><![CDATA[]]></system-err>
</testsuite>
